Added Component: Designator=C1(RB7.6-15)
Added Component: Designator=C2(RB7.6-15)
Added Component: Designator=C3(RB7.6-15)
Added Component: Designator=D1(LED-0)
Added Component: Designator=D2(LED-0)
Added Component: Designator=D3(LED-1)
Added Component: Designator=F1(PIN-W2/E2.8)
Added Component: Designator=F2(PIN-W2/E2.8)
Added Component: Designator=F3(PIN-W2/E2.8)
Added Component: Designator=P1(PIN1)
Added Component: Designator=P2(PIN1)
Added Component: Designator=P3(PIN1)
Added Component: Designator=P4(PIN1)
Added Component: Designator=Q1(TO247)
Added Component: Designator=Q2(TO247)
Added Component: Designator=Q3(TO247)
Added Component: Designator=R1(AXIAL-0.4)
Added Component: Designator=R2(AXIAL-0.4)
Added Component: Designator=R3(AXIAL-0.4)
Added Component: Designator=R4(AXIAL-0.3)
Added Component: Designator=R5(AXIAL-0.3)
Added Component: Designator=R6(AXIAL-0.4)
Added Component: Designator=R7(AXIAL-0.3)
Added Component: Designator=R8(AXIAL-0.4)
Added Component: Designator=R9(AXIAL-0.6)
Added Component: Designator=U1(TO220ABN)
Added Pin To Net: NetName=GND Pin=C1-2
Added Pin To Net: NetName=GND Pin=C2-2
Added Pin To Net: NetName=GND Pin=C3-2
Added Pin To Net: NetName=GND Pin=D3-2
Added Pin To Net: NetName=GND Pin=P3-1
Added Pin To Net: NetName=GND Pin=P4-1
Added Pin To Net: NetName=GND Pin=R9-1
Added Net: Name=GND
Added Pin To Net: NetName=NetC1_1 Pin=C1-1
Added Pin To Net: NetName=NetC1_1 Pin=F1-2
Added Pin To Net: NetName=NetC1_1 Pin=R1-1
Added Pin To Net: NetName=NetC1_1 Pin=R2-1
Added Pin To Net: NetName=NetC1_1 Pin=R3-1
Added Pin To Net: NetName=NetC1_1 Pin=R6-1
Added Pin To Net: NetName=NetC1_1 Pin=R7-2
Added Net: Name=NetC1_1
Added Pin To Net: NetName=NetC2_1 Pin=C2-1
Added Pin To Net: NetName=NetC2_1 Pin=Q1-1
Added Pin To Net: NetName=NetC2_1 Pin=Q2-1
Added Pin To Net: NetName=NetC2_1 Pin=Q3-1
Added Pin To Net: NetName=NetC2_1 Pin=R6-2
Added Pin To Net: NetName=NetC2_1 Pin=U1-2
Added Net: Name=NetC2_1
Added Pin To Net: NetName=NetC3_1 Pin=C3-1
Added Pin To Net: NetName=NetC3_1 Pin=D2-2
Added Pin To Net: NetName=NetC3_1 Pin=F2-2
Added Pin To Net: NetName=NetC3_1 Pin=F3-1
Added Pin To Net: NetName=NetC3_1 Pin=Q1-2
Added Pin To Net: NetName=NetC3_1 Pin=Q2-2
Added Pin To Net: NetName=NetC3_1 Pin=Q3-2
Added Pin To Net: NetName=NetC3_1 Pin=R4-1
Added Net: Name=NetC3_1
Added Pin To Net: NetName=NetD1_1 Pin=D1-1
Added Pin To Net: NetName=NetD1_1 Pin=R4-2
Added Net: Name=NetD1_1
Added Pin To Net: NetName=NetD1_2 Pin=D1-2
Added Pin To Net: NetName=NetD1_2 Pin=F3-2
Added Pin To Net: NetName=NetD1_2 Pin=P2-1
Added Net: Name=NetD1_2
Added Pin To Net: NetName=NetD2_1 Pin=D2-1
Added Pin To Net: NetName=NetD2_1 Pin=R5-2
Added Net: Name=NetD2_1
Added Pin To Net: NetName=NetD3_1 Pin=D3-1
Added Pin To Net: NetName=NetD3_1 Pin=R7-1
Added Net: Name=NetD3_1
Added Pin To Net: NetName=NetF1_1 Pin=F1-1
Added Pin To Net: NetName=NetF1_1 Pin=P1-1
Added Net: Name=NetF1_1
Added Pin To Net: NetName=NetF2_1 Pin=F2-1
Added Pin To Net: NetName=NetF2_1 Pin=R5-1
Added Pin To Net: NetName=NetF2_1 Pin=R8-2
Added Pin To Net: NetName=NetF2_1 Pin=U1-3
Added Net: Name=NetF2_1
Added Pin To Net: NetName=NetQ1_3 Pin=Q1-3
Added Pin To Net: NetName=NetQ1_3 Pin=R1-2
Added Net: Name=NetQ1_3
Added Pin To Net: NetName=NetQ2_3 Pin=Q2-3
Added Pin To Net: NetName=NetQ2_3 Pin=R2-2
Added Net: Name=NetQ2_3
Added Pin To Net: NetName=NetQ3_3 Pin=Q3-3
Added Pin To Net: NetName=NetQ3_3 Pin=R3-2
Added Net: Name=NetQ3_3
Added Pin To Net: NetName=NetR8_1 Pin=R8-1
Added Pin To Net: NetName=NetR8_1 Pin=R9-2
Added Pin To Net: NetName=NetR8_1 Pin=U1-1
Added Net: Name=NetR8_1
Added Class: Name=Sheet1
Added Room: Name=Sheet1
