Change Component Footprint: Designator=R? Old Footprint=AXIAL-0.4 New Footprint=AXIAL-0.8
Change Component Footprint: Designator=R? Old Footprint=AXIAL-0.4 New Footprint=AXIAL-0.8
Change Component Footprint: Designator=R? Old Footprint=AXIAL-0.4 New Footprint=AXIAL-0.8
Change Component Footprint: Designator=R? Old Footprint=AXIAL-0.4 New Footprint=AXIAL-0.8
Change Component Footprint: Designator=R? Old Footprint=AXIAL-0.4 New Footprint=AXIAL-0.8
Added Member To Class: ClassName=Sheet1 Member=Component C? Cap Pol1
Added Member To Class: ClassName=Sheet1 Member=Component C? Cap Pol1
Added Member To Class: ClassName=Sheet1 Member=Component D? LED1
Added Member To Class: ClassName=Sheet1 Member=Component D? LED0
Added Member To Class: ClassName=Sheet1 Member=Component F? Fuse 1
Added Member To Class: ClassName=Sheet1 Member=Component F? Fuse 1
Added Member To Class: ClassName=Sheet1 Member=Component P? Plug
Added Member To Class: ClassName=Sheet1 Member=Component P? Plug
Added Member To Class: ClassName=Sheet1 Member=Component P? Plug
Added Member To Class: ClassName=Sheet1 Member=Component Q? PNP
Added Member To Class: ClassName=Sheet1 Member=Component Q? PNP
Added Member To Class: ClassName=Sheet1 Member=Component R? Res1
Added Member To Class: ClassName=Sheet1 Member=Component R? Res1
Added Member To Class: ClassName=Sheet1 Member=Component R? Res1
Added Member To Class: ClassName=Sheet1 Member=Component R? Res2
Added Member To Class: ClassName=Sheet1 Member=Component R? Res2
Added Member To Class: ClassName=Sheet1 Member=Component R? Res2
Added Member To Class: ClassName=Sheet1 Member=Component R? Res Adj2
Added Member To Class: ClassName=Sheet1 Member=Component R? Res2
